DEBUG - Logging test...
INFO - The program is working as expected
WARNING - The program may not function properly
ERROR - The program encountered an error
CRITICAL - The program crashed
CRITICAL - The program crashed
ERROR - The program encountered an error
INFO - The program is working as expected
WARNING - The program may not function properly
ERROR - The program encountered an error
CRITICAL - The program crashed
CRITICAL - The program crashed
ERROR - The program encountered an error
INFO - The program is working as expected
WARNING - The program may not function properly
ERROR - The program encountered an error
CRITICAL - The program crashed
CRITICAL - The program crashed
CRITICAL - The program crashed11
CRITICAL - The 
sanskar - msg

